[2025-03-10T11:57:11.376+0100] {local_task_job_runner.py:123} INFO - ::group::Pre task execution logs
[2025-03-10T11:57:11.380+0100] {taskinstance.py:2614} INFO - Dependencies all met for dep_context=non-requeueable deps ti=<TaskInstance: transaction_processing_pipeline.grouping.groupby_transaction_type manual__2025-03-10T10:57:03.638210+00:00 [queued]>
[2025-03-10T11:57:11.382+0100] {taskinstance.py:2614} INFO - Dependencies all met for dep_context=requeueable deps ti=<TaskInstance: transaction_processing_pipeline.grouping.groupby_transaction_type manual__2025-03-10T10:57:03.638210+00:00 [queued]>
[2025-03-10T11:57:11.382+0100] {taskinstance.py:2867} INFO - Starting attempt 1 of 1
[2025-03-10T11:57:11.385+0100] {taskinstance.py:2890} INFO - Executing <Task(PythonOperator): grouping.groupby_transaction_type> on 2025-03-10 10:57:03.638210+00:00
[2025-03-10T11:57:11.388+0100] {standard_task_runner.py:72} INFO - Started process 22193 to run task
[2025-03-10T11:57:11.390+0100] {standard_task_runner.py:104} INFO - Running: ['airflow', 'tasks', 'run', 'transaction_processing_pipeline', 'grouping.groupby_transaction_type', 'manual__2025-03-10T10:57:03.638210+00:00', '--job-id', '96', '--raw', '--subdir', 'DAGS_FOLDER/etl_dag.py', '--cfg-path', '/var/folders/77/x0zgg14j4mv45pmn3j9n0_ym0000gn/T/tmpo1vtfyeg']
[2025-03-10T11:57:11.391+0100] {standard_task_runner.py:105} INFO - Job 96: Subtask grouping.groupby_transaction_type
[2025-03-10T11:57:11.403+0100] {task_command.py:467} INFO - Running <TaskInstance: transaction_processing_pipeline.grouping.groupby_transaction_type manual__2025-03-10T10:57:03.638210+00:00 [running]> on host mac.lan
[2025-03-10T11:57:11.420+0100] {taskinstance.py:3134} INFO - Exporting env vars: AIRFLOW_CTX_DAG_OWNER='kounta' AIRFLOW_CTX_DAG_ID='transaction_processing_pipeline' AIRFLOW_CTX_TASK_ID='grouping.groupby_transaction_type' AIRFLOW_CTX_EXECUTION_DATE='2025-03-10T10:57:03.638210+00:00' AIRFLOW_CTX_TRY_NUMBER='1' AIRFLOW_CTX_DAG_RUN_ID='manual__2025-03-10T10:57:03.638210+00:00'
[2025-03-10T11:57:11.421+0100] {logging_mixin.py:190} INFO - Task instance is in running state
[2025-03-10T11:57:11.421+0100] {logging_mixin.py:190} INFO -  Previous state of the Task instance: queued
[2025-03-10T11:57:11.421+0100] {logging_mixin.py:190} INFO - Current task name:grouping.groupby_transaction_type state:running start_date:2025-03-10 10:57:11.380689+00:00
[2025-03-10T11:57:11.421+0100] {logging_mixin.py:190} INFO - Dag name:transaction_processing_pipeline and current dag run status:running
[2025-03-10T11:57:11.421+0100] {taskinstance.py:732} INFO - ::endgroup::
[2025-03-10T11:57:11.429+0100] {logging_mixin.py:190} WARNING - /Users/salematoukounta/airflow/dags/etl_dag.py:69 FutureWarning: Passing literal json to 'read_json' is deprecated and will be removed in a future version. To read from a literal string, wrap it in a 'StringIO' object.
[2025-03-10T11:57:11.444+0100] {python.py:240} INFO - Done. Returned value was: None
[2025-03-10T11:57:11.446+0100] {taskinstance.py:341} INFO - ::group::Post task execution logs
[2025-03-10T11:57:11.447+0100] {taskinstance.py:353} INFO - Marking task as SUCCESS. dag_id=transaction_processing_pipeline, task_id=grouping.groupby_transaction_type, run_id=manual__2025-03-10T10:57:03.638210+00:00, execution_date=20250310T105703, start_date=20250310T105711, end_date=20250310T105711
[2025-03-10T11:57:11.451+0100] {logging_mixin.py:190} INFO - Task instance in success state
[2025-03-10T11:57:11.451+0100] {logging_mixin.py:190} INFO -  Previous state of the Task instance: running
[2025-03-10T11:57:11.451+0100] {logging_mixin.py:190} INFO - Dag name:transaction_processing_pipeline queued_at:2025-03-10 10:57:03.644323+00:00
[2025-03-10T11:57:11.451+0100] {logging_mixin.py:190} INFO - Task hostname:mac.lan operator:PythonOperator
[2025-03-10T11:57:11.485+0100] {local_task_job_runner.py:266} INFO - Task exited with return code 0
[2025-03-10T11:57:11.490+0100] {taskinstance.py:3901} INFO - 0 downstream tasks scheduled from follow-on schedule check
[2025-03-10T11:57:11.490+0100] {local_task_job_runner.py:245} INFO - ::endgroup::
