[2025-03-10T11:48:34.283+0100] {local_task_job_runner.py:123} INFO - ::group::Pre task execution logs
[2025-03-10T11:48:34.286+0100] {taskinstance.py:2614} INFO - Dependencies all met for dep_context=non-requeueable deps ti=<TaskInstance: transaction_processing_pipeline.reading_and_preprocessing.read_csv_file manual__2025-03-10T10:48:32.750969+00:00 [queued]>
[2025-03-10T11:48:34.288+0100] {taskinstance.py:2614} INFO - Dependencies all met for dep_context=requeueable deps ti=<TaskInstance: transaction_processing_pipeline.reading_and_preprocessing.read_csv_file manual__2025-03-10T10:48:32.750969+00:00 [queued]>
[2025-03-10T11:48:34.288+0100] {taskinstance.py:2867} INFO - Starting attempt 1 of 1
[2025-03-10T11:48:34.291+0100] {taskinstance.py:2890} INFO - Executing <Task(PythonOperator): reading_and_preprocessing.read_csv_file> on 2025-03-10 10:48:32.750969+00:00
[2025-03-10T11:48:34.293+0100] {standard_task_runner.py:72} INFO - Started process 21758 to run task
[2025-03-10T11:48:34.296+0100] {standard_task_runner.py:104} INFO - Running: ['airflow', 'tasks', 'run', 'transaction_processing_pipeline', 'reading_and_preprocessing.read_csv_file', 'manual__2025-03-10T10:48:32.750969+00:00', '--job-id', '75', '--raw', '--subdir', 'DAGS_FOLDER/etl_dag.py', '--cfg-path', '/var/folders/77/x0zgg14j4mv45pmn3j9n0_ym0000gn/T/tmphzwcqe14']
[2025-03-10T11:48:34.298+0100] {standard_task_runner.py:105} INFO - Job 75: Subtask reading_and_preprocessing.read_csv_file
[2025-03-10T11:48:34.316+0100] {task_command.py:467} INFO - Running <TaskInstance: transaction_processing_pipeline.reading_and_preprocessing.read_csv_file manual__2025-03-10T10:48:32.750969+00:00 [running]> on host mac.lan
[2025-03-10T11:48:34.333+0100] {taskinstance.py:3134} INFO - Exporting env vars: AIRFLOW_CTX_DAG_OWNER='kounta' AIRFLOW_CTX_DAG_ID='transaction_processing_pipeline' AIRFLOW_CTX_TASK_ID='reading_and_preprocessing.read_csv_file' AIRFLOW_CTX_EXECUTION_DATE='2025-03-10T10:48:32.750969+00:00' AIRFLOW_CTX_TRY_NUMBER='1' AIRFLOW_CTX_DAG_RUN_ID='manual__2025-03-10T10:48:32.750969+00:00'
[2025-03-10T11:48:34.334+0100] {logging_mixin.py:190} INFO - Task instance is in running state
[2025-03-10T11:48:34.334+0100] {logging_mixin.py:190} INFO -  Previous state of the Task instance: queued
[2025-03-10T11:48:34.334+0100] {logging_mixin.py:190} INFO - Current task name:reading_and_preprocessing.read_csv_file state:running start_date:2025-03-10 10:48:34.286768+00:00
[2025-03-10T11:48:34.334+0100] {logging_mixin.py:190} INFO - Dag name:transaction_processing_pipeline and current dag run status:running
[2025-03-10T11:48:34.335+0100] {taskinstance.py:732} INFO - ::endgroup::
[2025-03-10T11:48:34.347+0100] {logging_mixin.py:190} INFO -   TransactionID AccountID  TransactionAmount  ... LoginAttempts AccountBalance PreviousTransactionDate
0      TX000001   AC00128              14.09  ...             1        5112.21     2024-11-04 08:08:08
1      TX000002   AC00455             376.24  ...             1       13758.91     2024-11-04 08:09:35
2      TX000003   AC00019             126.29  ...             1        1122.35     2024-11-04 08:07:04
3      TX000004   AC00070             184.50  ...             1        8569.06     2024-11-04 08:09:06
4      TX000005   AC00411              13.45  ...             1        7429.40     2024-11-04 08:06:39

[5 rows x 16 columns]
[2025-03-10T11:48:34.356+0100] {python.py:240} INFO - Done. Returned value was: None
[2025-03-10T11:48:34.358+0100] {taskinstance.py:341} INFO - ::group::Post task execution logs
[2025-03-10T11:48:34.359+0100] {taskinstance.py:353} INFO - Marking task as SUCCESS. dag_id=transaction_processing_pipeline, task_id=reading_and_preprocessing.read_csv_file, run_id=manual__2025-03-10T10:48:32.750969+00:00, execution_date=20250310T104832, start_date=20250310T104834, end_date=20250310T104834
[2025-03-10T11:48:34.363+0100] {logging_mixin.py:190} INFO - Task instance in success state
[2025-03-10T11:48:34.363+0100] {logging_mixin.py:190} INFO -  Previous state of the Task instance: running
[2025-03-10T11:48:34.363+0100] {logging_mixin.py:190} INFO - Dag name:transaction_processing_pipeline queued_at:2025-03-10 10:48:32.760627+00:00
[2025-03-10T11:48:34.363+0100] {logging_mixin.py:190} INFO - Task hostname:mac.lan operator:PythonOperator
[2025-03-10T11:48:34.393+0100] {local_task_job_runner.py:266} INFO - Task exited with return code 0
[2025-03-10T11:48:34.402+0100] {taskinstance.py:3901} INFO - 1 downstream tasks scheduled from follow-on schedule check
[2025-03-10T11:48:34.403+0100] {local_task_job_runner.py:245} INFO - ::endgroup::
