[2025-03-10T11:56:01.474+0100] {local_task_job_runner.py:123} INFO - ::group::Pre task execution logs
[2025-03-10T11:56:01.478+0100] {taskinstance.py:2614} INFO - Dependencies all met for dep_context=non-requeueable deps ti=<TaskInstance: transaction_processing_pipeline.filtering.filter_by_location manual__2025-03-10T10:54:43.691584+00:00 [queued]>
[2025-03-10T11:56:01.480+0100] {taskinstance.py:2614} INFO - Dependencies all met for dep_context=requeueable deps ti=<TaskInstance: transaction_processing_pipeline.filtering.filter_by_location manual__2025-03-10T10:54:43.691584+00:00 [queued]>
[2025-03-10T11:56:01.480+0100] {taskinstance.py:2867} INFO - Starting attempt 1 of 1
[2025-03-10T11:56:01.483+0100] {taskinstance.py:2890} INFO - Executing <Task(PythonOperator): filtering.filter_by_location> on 2025-03-10 10:54:43.691584+00:00
[2025-03-10T11:56:01.485+0100] {standard_task_runner.py:72} INFO - Started process 22070 to run task
[2025-03-10T11:56:01.488+0100] {standard_task_runner.py:104} INFO - Running: ['airflow', 'tasks', 'run', 'transaction_processing_pipeline', 'filtering.filter_by_location', 'manual__2025-03-10T10:54:43.691584+00:00', '--job-id', '92', '--raw', '--subdir', 'DAGS_FOLDER/etl_dag.py', '--cfg-path', '/var/folders/77/x0zgg14j4mv45pmn3j9n0_ym0000gn/T/tmp75adj24x']
[2025-03-10T11:56:01.489+0100] {standard_task_runner.py:105} INFO - Job 92: Subtask filtering.filter_by_location
[2025-03-10T11:56:01.503+0100] {task_command.py:467} INFO - Running <TaskInstance: transaction_processing_pipeline.filtering.filter_by_location manual__2025-03-10T10:54:43.691584+00:00 [running]> on host mac.lan
[2025-03-10T11:56:01.521+0100] {taskinstance.py:3134} INFO - Exporting env vars: AIRFLOW_CTX_DAG_OWNER='kounta' AIRFLOW_CTX_DAG_ID='transaction_processing_pipeline' AIRFLOW_CTX_TASK_ID='filtering.filter_by_location' AIRFLOW_CTX_EXECUTION_DATE='2025-03-10T10:54:43.691584+00:00' AIRFLOW_CTX_TRY_NUMBER='1' AIRFLOW_CTX_DAG_RUN_ID='manual__2025-03-10T10:54:43.691584+00:00'
[2025-03-10T11:56:01.521+0100] {logging_mixin.py:190} INFO - Task instance is in running state
[2025-03-10T11:56:01.521+0100] {logging_mixin.py:190} INFO -  Previous state of the Task instance: queued
[2025-03-10T11:56:01.521+0100] {logging_mixin.py:190} INFO - Current task name:filtering.filter_by_location state:running start_date:2025-03-10 10:56:01.478327+00:00
[2025-03-10T11:56:01.522+0100] {logging_mixin.py:190} INFO - Dag name:transaction_processing_pipeline and current dag run status:running
[2025-03-10T11:56:01.522+0100] {taskinstance.py:732} INFO - ::endgroup::
[2025-03-10T11:56:01.530+0100] {logging_mixin.py:190} WARNING - /Users/salematoukounta/airflow/dags/etl_dag.py:55 FutureWarning: Passing literal json to 'read_json' is deprecated and will be removed in a future version. To read from a literal string, wrap it in a 'StringIO' object.
[2025-03-10T11:56:01.544+0100] {python.py:240} INFO - Done. Returned value was: None
[2025-03-10T11:56:01.545+0100] {taskinstance.py:341} INFO - ::group::Post task execution logs
[2025-03-10T11:56:01.546+0100] {taskinstance.py:353} INFO - Marking task as SUCCESS. dag_id=transaction_processing_pipeline, task_id=filtering.filter_by_location, run_id=manual__2025-03-10T10:54:43.691584+00:00, execution_date=20250310T105443, start_date=20250310T105601, end_date=20250310T105601
[2025-03-10T11:56:01.550+0100] {logging_mixin.py:190} INFO - Task instance in success state
[2025-03-10T11:56:01.550+0100] {logging_mixin.py:190} INFO -  Previous state of the Task instance: running
[2025-03-10T11:56:01.550+0100] {logging_mixin.py:190} INFO - Dag name:transaction_processing_pipeline queued_at:2025-03-10 10:54:43.703419+00:00
[2025-03-10T11:56:01.550+0100] {logging_mixin.py:190} INFO - Task hostname:mac.lan operator:PythonOperator
[2025-03-10T11:56:01.583+0100] {local_task_job_runner.py:266} INFO - Task exited with return code 0
[2025-03-10T11:56:01.588+0100] {taskinstance.py:3901} INFO - 0 downstream tasks scheduled from follow-on schedule check
[2025-03-10T11:56:01.588+0100] {local_task_job_runner.py:245} INFO - ::endgroup::
