[2025-03-09T02:29:25.793+0100] {local_task_job_runner.py:123} INFO - ::group::Pre task execution logs
[2025-03-09T02:29:25.798+0100] {taskinstance.py:2614} INFO - Dependencies all met for dep_context=non-requeueable deps ti=<TaskInstance: example_display_name.sample_task_2 manual__2025-03-09T01:29:21.725974+00:00 [queued]>
[2025-03-09T02:29:25.799+0100] {taskinstance.py:2614} INFO - Dependencies all met for dep_context=requeueable deps ti=<TaskInstance: example_display_name.sample_task_2 manual__2025-03-09T01:29:21.725974+00:00 [queued]>
[2025-03-09T02:29:25.799+0100] {taskinstance.py:2867} INFO - Starting attempt 1 of 1
[2025-03-09T02:29:25.802+0100] {taskinstance.py:2890} INFO - Executing <Task(_PythonDecoratedOperator): sample_task_2> on 2025-03-09 01:29:21.725974+00:00
[2025-03-09T02:29:25.807+0100] {logging_mixin.py:190} WARNING - /opt/anaconda3/lib/python3.12/site-packages/airflow/task/task_runner/standard_task_runner.py:70 DeprecationWarning: This process (pid=4657) is multi-threaded, use of fork() may lead to deadlocks in the child.
[2025-03-09T02:29:25.807+0100] {standard_task_runner.py:72} INFO - Started process 4659 to run task
[2025-03-09T02:29:25.807+0100] {standard_task_runner.py:104} INFO - Running: ['airflow', 'tasks', 'run', 'example_display_name', 'sample_task_2', 'manual__2025-03-09T01:29:21.725974+00:00', '--job-id', '4', '--raw', '--subdir', '/opt/anaconda3/lib/python3.12/site-packages/airflow/example_dags/example_display_name.py', '--cfg-path', '/var/folders/77/x0zgg14j4mv45pmn3j9n0_ym0000gn/T/tmpiutlh27t']
[2025-03-09T02:29:25.808+0100] {standard_task_runner.py:105} INFO - Job 4: Subtask sample_task_2
[2025-03-09T02:29:25.823+0100] {task_command.py:467} INFO - Running <TaskInstance: example_display_name.sample_task_2 manual__2025-03-09T01:29:21.725974+00:00 [running]> on host mac.lan
[2025-03-09T02:29:25.841+0100] {taskinstance.py:3134} INFO - Exporting env vars: AIRFLOW_CTX_DAG_OWNER='airflow' AIRFLOW_CTX_DAG_ID='example_display_name' AIRFLOW_CTX_TASK_ID='sample_task_2' AIRFLOW_CTX_EXECUTION_DATE='2025-03-09T01:29:21.725974+00:00' AIRFLOW_CTX_TRY_NUMBER='1' AIRFLOW_CTX_DAG_RUN_ID='manual__2025-03-09T01:29:21.725974+00:00'
[2025-03-09T02:29:25.842+0100] {logging_mixin.py:190} INFO - Task instance is in running state
[2025-03-09T02:29:25.842+0100] {logging_mixin.py:190} INFO -  Previous state of the Task instance: queued
[2025-03-09T02:29:25.842+0100] {logging_mixin.py:190} INFO - Current task name:sample_task_2 state:running start_date:2025-03-09 01:29:25.798101+00:00
[2025-03-09T02:29:25.842+0100] {logging_mixin.py:190} INFO - Dag name:example_display_name and current dag run status:running
[2025-03-09T02:29:25.842+0100] {taskinstance.py:732} INFO - ::endgroup::
[2025-03-09T02:29:25.843+0100] {python.py:240} INFO - Done. Returned value was: None
[2025-03-09T02:29:25.844+0100] {taskinstance.py:341} INFO - ::group::Post task execution logs
[2025-03-09T02:29:25.844+0100] {taskinstance.py:353} INFO - Marking task as SUCCESS. dag_id=example_display_name, task_id=sample_task_2, run_id=manual__2025-03-09T01:29:21.725974+00:00, execution_date=20250309T012921, start_date=20250309T012925, end_date=20250309T012925
[2025-03-09T02:29:25.848+0100] {logging_mixin.py:190} INFO - Task instance in success state
[2025-03-09T02:29:25.848+0100] {logging_mixin.py:190} INFO -  Previous state of the Task instance: running
[2025-03-09T02:29:25.848+0100] {logging_mixin.py:190} INFO - Dag name:example_display_name queued_at:2025-03-09 01:29:21.735439+00:00
[2025-03-09T02:29:25.848+0100] {logging_mixin.py:190} INFO - Task hostname:mac.lan operator:_PythonDecoratedOperator
[2025-03-09T02:29:25.863+0100] {local_task_job_runner.py:266} INFO - Task exited with return code 0
[2025-03-09T02:29:25.867+0100] {taskinstance.py:3901} INFO - 0 downstream tasks scheduled from follow-on schedule check
[2025-03-09T02:29:25.867+0100] {local_task_job_runner.py:245} INFO - ::endgroup::
