[2025-03-10T11:08:26.266+0100] {local_task_job_runner.py:123} INFO - ::group::Pre task execution logs
[2025-03-10T11:08:26.270+0100] {taskinstance.py:2614} INFO - Dependencies all met for dep_context=non-requeueable deps ti=<TaskInstance: transaction_processing_pipeline.reading_and_preprocessing.remove_null_values manual__2025-03-10T10:08:22.454493+00:00 [queued]>
[2025-03-10T11:08:26.272+0100] {taskinstance.py:2614} INFO - Dependencies all met for dep_context=requeueable deps ti=<TaskInstance: transaction_processing_pipeline.reading_and_preprocessing.remove_null_values manual__2025-03-10T10:08:22.454493+00:00 [queued]>
[2025-03-10T11:08:26.272+0100] {taskinstance.py:2867} INFO - Starting attempt 1 of 1
[2025-03-10T11:08:26.276+0100] {taskinstance.py:2890} INFO - Executing <Task(PythonOperator): reading_and_preprocessing.remove_null_values> on 2025-03-10 10:08:22.454493+00:00
[2025-03-10T11:08:26.278+0100] {standard_task_runner.py:72} INFO - Started process 17897 to run task
[2025-03-10T11:08:26.281+0100] {standard_task_runner.py:104} INFO - Running: ['airflow', 'tasks', 'run', 'transaction_processing_pipeline', 'reading_and_preprocessing.remove_null_values', 'manual__2025-03-10T10:08:22.454493+00:00', '--job-id', '44', '--raw', '--subdir', 'DAGS_FOLDER/etl_dag.py', '--cfg-path', '/var/folders/77/x0zgg14j4mv45pmn3j9n0_ym0000gn/T/tmpnte9pkkk']
[2025-03-10T11:08:26.282+0100] {standard_task_runner.py:105} INFO - Job 44: Subtask reading_and_preprocessing.remove_null_values
[2025-03-10T11:08:26.298+0100] {task_command.py:467} INFO - Running <TaskInstance: transaction_processing_pipeline.reading_and_preprocessing.remove_null_values manual__2025-03-10T10:08:22.454493+00:00 [running]> on host mac.lan
[2025-03-10T11:08:26.317+0100] {taskinstance.py:3134} INFO - Exporting env vars: AIRFLOW_CTX_DAG_OWNER='user' AIRFLOW_CTX_DAG_ID='transaction_processing_pipeline' AIRFLOW_CTX_TASK_ID='reading_and_preprocessing.remove_null_values' AIRFLOW_CTX_EXECUTION_DATE='2025-03-10T10:08:22.454493+00:00' AIRFLOW_CTX_TRY_NUMBER='1' AIRFLOW_CTX_DAG_RUN_ID='manual__2025-03-10T10:08:22.454493+00:00'
[2025-03-10T11:08:26.317+0100] {logging_mixin.py:190} INFO - Task instance is in running state
[2025-03-10T11:08:26.317+0100] {logging_mixin.py:190} INFO -  Previous state of the Task instance: queued
[2025-03-10T11:08:26.317+0100] {logging_mixin.py:190} INFO - Current task name:reading_and_preprocessing.remove_null_values state:running start_date:2025-03-10 10:08:26.270845+00:00
[2025-03-10T11:08:26.318+0100] {logging_mixin.py:190} INFO - Dag name:transaction_processing_pipeline and current dag run status:running
[2025-03-10T11:08:26.318+0100] {taskinstance.py:732} INFO - ::endgroup::
[2025-03-10T11:08:26.325+0100] {logging_mixin.py:190} WARNING - /Users/salematoukounta/airflow/dags/etl_dag.py:33 FutureWarning: Passing literal json to 'read_json' is deprecated and will be removed in a future version. To read from a literal string, wrap it in a 'StringIO' object.
[2025-03-10T11:08:26.343+0100] {logging_mixin.py:190} INFO -   TransactionID AccountID  TransactionAmount  ... LoginAttempts AccountBalance PreviousTransactionDate
0      TX000001   AC00128              14.09  ...             1        5112.21     2024-11-04 08:08:08
1      TX000002   AC00455             376.24  ...             1       13758.91     2024-11-04 08:09:35
2      TX000003   AC00019             126.29  ...             1        1122.35     2024-11-04 08:07:04
3      TX000004   AC00070             184.50  ...             1        8569.06     2024-11-04 08:09:06
4      TX000005   AC00411              13.45  ...             1        7429.40     2024-11-04 08:06:39

[5 rows x 16 columns]
[2025-03-10T11:08:26.350+0100] {python.py:240} INFO - Done. Returned value was: None
[2025-03-10T11:08:26.352+0100] {taskinstance.py:341} INFO - ::group::Post task execution logs
[2025-03-10T11:08:26.352+0100] {taskinstance.py:353} INFO - Marking task as SUCCESS. dag_id=transaction_processing_pipeline, task_id=reading_and_preprocessing.remove_null_values, run_id=manual__2025-03-10T10:08:22.454493+00:00, execution_date=20250310T100822, start_date=20250310T100826, end_date=20250310T100826
[2025-03-10T11:08:26.356+0100] {logging_mixin.py:190} INFO - Task instance in success state
[2025-03-10T11:08:26.356+0100] {logging_mixin.py:190} INFO -  Previous state of the Task instance: running
[2025-03-10T11:08:26.356+0100] {logging_mixin.py:190} INFO - Dag name:transaction_processing_pipeline queued_at:2025-03-10 10:08:22.462637+00:00
[2025-03-10T11:08:26.356+0100] {logging_mixin.py:190} INFO - Task hostname:mac.lan operator:PythonOperator
[2025-03-10T11:08:26.377+0100] {local_task_job_runner.py:266} INFO - Task exited with return code 0
[2025-03-10T11:08:26.384+0100] {taskinstance.py:3901} INFO - 1 downstream tasks scheduled from follow-on schedule check
[2025-03-10T11:08:26.385+0100] {local_task_job_runner.py:245} INFO - ::endgroup::
